<?xml version="1.0" encoding="UTF-8"?>
<testng-results ignored="0" total="3" passed="3" failed="0" skipped="0">
  <reporter-output>
  </reporter-output>
  <suite started-at="2023-08-25T13:25:50 IST" name="WebApp Suite" finished-at="2023-08-25T13:26:12 IST" duration-ms="22243">
    <groups>
    </groups>
    <test started-at="2023-08-25T13:25:50 IST" name="WebApp Test" finished-at="2023-08-25T13:26:12 IST" duration-ms="22243">
      <class name="testcases.TestButtons">
        <test-method signature="testButton()[pri:0, instance:testcases.TestButtons@222545dc]" started-at="2023-08-25T13:26:05 IST" name="testButton" finished-at="2023-08-25T13:26:12 IST" duration-ms="7469" status="PASS">
          <reporter-output>
          </reporter-output>
        </test-method> <!-- testButton -->
      </class> <!-- testcases.TestButtons -->
      <class name="testcases.HandleOrderNumber">
        <test-method signature="ONtest()[pri:0, instance:testcases.HandleOrderNumber@6ae5aa72]" started-at="2023-08-25T13:26:01 IST" name="ONtest" finished-at="2023-08-25T13:26:05 IST" duration-ms="4214" status="PASS">
          <reporter-output>
          </reporter-output>
        </test-method> <!-- ONtest -->
      </class> <!-- testcases.HandleOrderNumber -->
      <class name="testcases.HandleName">
        <test-method is-config="true" signature="setUp()[pri:0, instance:testcases.HandleName@6b81ce95]" started-at="2023-08-25T13:25:50 IST" name="setUp" finished-at="2023-08-25T13:25:55 IST" duration-ms="4482" status="PASS">
          <reporter-output>
          </reporter-output>
        </test-method> <!-- setUp -->
        <test-method signature="nameTest()[pri:0, instance:testcases.HandleName@6b81ce95]" started-at="2023-08-25T13:25:55 IST" name="nameTest" finished-at="2023-08-25T13:26:01 IST" duration-ms="5908" status="PASS">
          <reporter-output>
          </reporter-output>
        </test-method> <!-- nameTest -->
        <test-method is-config="true" signature="tearDown()[pri:0, instance:testcases.HandleName@6b81ce95]" started-at="2023-08-25T13:26:12 IST" name="tearDown" finished-at="2023-08-25T13:26:12 IST" duration-ms="122" status="PASS">
          <reporter-output>
          </reporter-output>
        </test-method> <!-- tearDown -->
      </class> <!-- testcases.HandleName -->
    </test> <!-- WebApp Test -->
  </suite> <!-- WebApp Suite -->
</testng-results>
