<?xml version="1.0" encoding="UTF-8"?>
<!-- Generated by org.testng.reporters.JUnitXMLReporter -->
<testsuite ignored="4" hostname="MSI" failures="0" tests="3" name="WebApp Test" time="36.139" errors="0" timestamp="2023-08-22T20:35:25 IST">
  <testcase classname="testcases.HandleName" name="nameTest" time="8.3"/>
  <testcase classname="testcases.HandleOrderNumber" name="ONtest" time="14.304"/>
  <testcase classname="testcases.TestButtons" name="testButton" time="10.473"/>
  <testcase classname="base.baseTest" name="@BeforeTest setUp" time="0.0">
    <ignored/>
  </testcase> <!-- @BeforeTest setUp -->
  <testcase classname="base.baseTest" name="@AfterTest tearDown" time="0.0">
    <ignored/>
  </testcase> <!-- @AfterTest tearDown -->
  <testcase classname="base.baseTest" name="@AfterTest tearDown" time="0.0">
    <ignored/>
  </testcase> <!-- @AfterTest tearDown -->
  <testcase classname="base.baseTest" name="@BeforeTest setUp" time="0.0">
    <ignored/>
  </testcase> <!-- @BeforeTest setUp -->
</testsuite> <!-- WebApp Test -->
