<?xml version="1.0" encoding="UTF-8"?>
<!-- Generated by org.testng.reporters.JUnitXMLReporter -->
<testsuite ignored="4" hostname="MSI" failures="0" tests="3" name="WebApp Test" time="22.243" errors="0" timestamp="2023-08-25T13:26:12 IST">
  <testcase classname="testcases.HandleName" name="nameTest" time="5.908"/>
  <testcase classname="testcases.HandleOrderNumber" name="ONtest" time="4.214"/>
  <testcase classname="testcases.TestButtons" name="testButton" time="7.469"/>
  <testcase classname="base.baseTest" name="@BeforeTest setUp" time="0.0">
    <ignored/>
  </testcase> <!-- @BeforeTest setUp -->
  <testcase classname="base.baseTest" name="@BeforeTest setUp" time="0.0">
    <ignored/>
  </testcase> <!-- @BeforeTest setUp -->
  <testcase classname="base.baseTest" name="@AfterTest tearDown" time="0.0">
    <ignored/>
  </testcase> <!-- @AfterTest tearDown -->
  <testcase classname="base.baseTest" name="@AfterTest tearDown" time="0.0">
    <ignored/>
  </testcase> <!-- @AfterTest tearDown -->
</testsuite> <!-- WebApp Test -->
